#
# There is insufficient memory for the Java Runtime Environment to continue.
# Native memory allocation (malloc) failed to allocate 1048576 bytes for AllocateHeap
# Possible reasons:
#   The system is out of physical RAM or swap space
#   The process is running with CompressedOops enabled, and the Java Heap may be blocking the growth of the native heap
# Possible solutions:
#   Reduce memory load on the system
#   Increase physical memory or swap space
#   Check if swap backing store is full
#   Decrease Java heap size (-Xmx/-Xms)
#   Decrease number of Java threads
#   Decrease Java thread stack sizes (-Xss)
#   Set larger code cache with -XX:ReservedCodeCacheSize=
#   JVM is running with Unscaled Compressed Oops mode in which the Java heap is
#     placed in the first 4GB address space. The Java Heap base address is the
#     maximum limit for the native heap growth. Please use -XX:HeapBaseMinAddress
#     to set the Java Heap base and to place the Java Heap above 4GB virtual address.
# This output file may be truncated or incomplete.
#
#  Out of Memory Error (memory/allocation.inline.hpp:61), pid=27300, tid=0x0000000000008c80
#
# JRE version:  (8.0_242-b01) (build )
# Java VM: OpenJDK 64-Bit Server VM (25.242-b01 mixed mode windows-amd64 compressed oops)
# Failed to write core dump. Minidumps are not enabled by default on client versions of Windows
#

---------------  T H R E A D  ---------------

Current thread (0x0000000002b8e800):  JavaThread "Unknown thread" [_thread_in_vm, id=35968, stack(0x0000000002bd0000,0x0000000002cd0000)]

Stack: [0x0000000002bd0000,0x0000000002cd0000]
[error occurred during error reporting (printing stack bounds), id 0xc0000005]

Native frames: (J=compiled Java code, j=interpreted, Vv=VM code, C=native code)


---------------  P R O C E S S  ---------------

Java Threads: ( => current thread )

Other Threads:

=>0x0000000002b8e800 (exited) JavaThread "Unknown thread" [_thread_in_vm, id=35968, stack(0x0000000002bd0000,0x0000000002cd0000)]

VM state:not at safepoint (normal execution)

VM Mutex/Monitor currently owned by a thread: None

heap address: 0x0000000081c00000, size: 2020 MB, Compressed Oops mode: 32-bit
Narrow klass base: 0x0000000000000000, Narrow klass shift: 3
Compressed class space size: 1073741824 Address: 0x0000000100000000

Heap:
 PSYoungGen      total 38400K, used 665K [0x00000000d5f00000, 0x00000000d8980000, 0x0000000100000000)
  eden space 33280K, 2% used [0x00000000d5f00000,0x00000000d5fa6670,0x00000000d7f80000)
  from space 5120K, 0% used [0x00000000d8480000,0x00000000d8480000,0x00000000d8980000)
  to   space 5120K, 0% used [0x00000000d7f80000,0x00000000d7f80000,0x00000000d8480000)
 ParOldGen       total 87552K, used 0K [0x0000000081c00000, 0x0000000087180000, 0x00000000d5f00000)
  object space 87552K, 0% used [0x0000000081c00000,0x0000000081c00000,0x0000000087180000)
 Metaspace       used 779K, capacity 4480K, committed 4480K, reserved 1056768K
  class space    used 74K, capacity 384K, committed 384K, reserved 1048576K

Card table byte_map: [0x0000000012190000,0x0000000012590000] byte_map_base: 0x0000000011d82000

Marking Bits: (ParMarkBitMap*) 0x000000005186f030
 Begin Bits: [0x0000000013040000, 0x0000000014fd0000)
 End Bits:   [0x0000000014fd0000, 0x0000000016f60000)

Polling page: 0x0000000002b90000

CodeCache: size=245760Kb used=328Kb max_used=328Kb free=245431Kb
 bounds [0x0000000002dd0000, 0x0000000003040000, 0x0000000011dd0000]
 total_blobs=57 nmethods=0 adapters=38
 compilation: enabled

Compilation events (0 events):
No events

GC Heap History (0 events):
No events

Deoptimization events (0 events):
No events

Classes redefined (0 events):
No events

Internal exceptions (0 events):
No events

Events (10 events):
Event: 0.018 loading class java/lang/Short
Event: 0.018 loading class java/lang/Short done
Event: 0.018 loading class java/lang/Integer
Event: 0.018 loading class java/lang/Integer done
Event: 0.018 loading class java/lang/Long
Event: 0.018 loading class java/lang/Long done
Event: 0.019 loading class java/lang/NullPointerException
Event: 0.019 loading class java/lang/NullPointerException done
Event: 0.019 loading class java/lang/ArithmeticException
Event: 0.019 loading class java/lang/ArithmeticException done


Dynamic libraries:
0x00007ff7d58e0000 - 0x00007ff7d5911000 	C:\Program Files\Android\Android Studio\jre\bin\java.EXE
0x00007fffba030000 - 0x00007fffba226000 	C:\WINDOWS\SYSTEM32\ntdll.dll
0x00007fffb9d00000 - 0x00007fffb9dbd000 	C:\WINDOWS\System32\KERNEL32.DLL
0x00007fffb7850000 - 0x00007fffb7b18000 	C:\WINDOWS\System32\KERNELBASE.dll
0x00007fffb9a60000 - 0x00007fffb9b0c000 	C:\WINDOWS\System32\ADVAPI32.dll
0x00007fffb96a0000 - 0x00007fffb973e000 	C:\WINDOWS\System32\msvcrt.dll
0x00007fffb83b0000 - 0x00007fffb844b000 	C:\WINDOWS\System32\sechost.dll
0x00007fffb9de0000 - 0x00007fffb9f04000 	C:\WINDOWS\System32\RPCRT4.dll
0x00007fffb98c0000 - 0x00007fffb9a60000 	C:\WINDOWS\System32\USER32.dll
0x00007fffb7bd0000 - 0x00007fffb7bf2000 	C:\WINDOWS\System32\win32u.dll
0x00007fffb8090000 - 0x00007fffb80ba000 	C:\WINDOWS\System32\GDI32.dll
0x00007fffb7d90000 - 0x00007fffb7e99000 	C:\WINDOWS\System32\gdi32full.dll
0x00007fffb7ea0000 - 0x00007fffb7f3d000 	C:\WINDOWS\System32\msvcp_win.dll
0x00007fffb7f40000 - 0x00007fffb8040000 	C:\WINDOWS\System32\ucrtbase.dll
0x00007fffa0ac0000 - 0x00007fffa0d5b000 	C:\WINDOWS\WinSxS\amd64_microsoft.windows.common-controls_6595b64144ccf1df_6.0.19041.488_none_ca04af081b815d21\COMCTL32.dll
0x00007fffb8d00000 - 0x00007fffb8d30000 	C:\WINDOWS\System32\IMM32.DLL
0x00000000518f0000 - 0x00000000519c2000 	C:\Program Files\Android\Android Studio\jre\jre\bin\msvcr100.dll
0x00000000510a0000 - 0x00000000518eb000 	C:\Program Files\Android\Android Studio\jre\jre\bin\server\jvm.dll
0x00007fffb84c0000 - 0x00007fffb84c8000 	C:\WINDOWS\System32\PSAPI.DLL
0x00007fffae670000 - 0x00007fffae67a000 	C:\WINDOWS\SYSTEM32\VERSION.dll
0x00007fffadbb0000 - 0x00007fffadbd7000 	C:\WINDOWS\SYSTEM32\WINMM.dll
0x00007fffa9f30000 - 0x00007fffa9f39000 	C:\WINDOWS\SYSTEM32\WSOCK32.dll
0x00007fffb8450000 - 0x00007fffb84bb000 	C:\WINDOWS\System32\WS2_32.dll
0x00007fffb1e80000 - 0x00007fffb1e8f000 	C:\Program Files\Android\Android Studio\jre\jre\bin\verify.dll
0x00007fffb1570000 - 0x00007fffb1599000 	C:\Program Files\Android\Android Studio\jre\jre\bin\java.dll
0x00007fffb1060000 - 0x00007fffb1076000 	C:\Program Files\Android\Android Studio\jre\jre\bin\zip.dll

VM Arguments:
java_command: <unknown>
java_class_path (initial): .
Launcher Type: SUN_STANDARD

Environment Variables:
JAVA_HOME=C:\Program Files\Java\jdk-11
PATH=C:\Users\Raphael\AppData\Local\Android\Sdk\platform-tools;C:\Program Files (x86)\Common Files\Oracle\Java\javapath;C:\Windows\system32;C:\Windows;C:\Windows\System32\Wbem;C:\Windows\System32\WindowsPowerShell\v1.0\;C:\Windows\System32\OpenSSH\;C:\Program Files (x86)\NVIDIA Corporation\PhysX\Common;C:\Program Files\NVIDIA Corporation\NVIDIA NvDLISR;C:\Program Files (x86)\Java\jre1.8.0_251\bin;C:\Program Files\Git\cmd;C:\src\flutter\bin;C:\Program Files\Java\jdk-11\bin;C:\Program Files\nodejs\;C:\WINDOWS\system32;C:\WINDOWS;C:\WINDOWS\System32\Wbem;C:\WINDOWS\System32\WindowsPowerShell\v1.0\;C:\WINDOWS\System32\OpenSSH\;C:\Program Files\Java\jdk-11.0.7\bin;C:\Users\Raphael\AppData\Local\Programs\Microsoft VS Code\bin;C:\Users\Raphael\AppData\Roaming\npm;C:\Users\Raphael\AppData\Local\Microsoft\WindowsApps;C:\Program Files\Java\jdk-11.0.7\bin;C:\Users\Raphael\AppData\Local\Programs\Microsoft VS Code\bin;C:\Users\Raphael\AppData\Roaming\npm;C:\Users\Raphael\AppData\Local\Microsoft\WindowsApps;C:\src\flutter\bin;
USERNAME=Raphael
OS=Windows_NT
PROCESSOR_IDENTIFIER=Intel64 Family 6 Model 142 Stepping 12, GenuineIntel



---------------  S Y S T E M  ---------------

OS: Windows 10.0 , 64 bit Build 19041 (10.0.19041.546)

CPU:total 8 (initial active 8) (4 cores per cpu, 2 threads per core) family 6 model 142 stepping 12, cmov, cx8, fxsr, mmx, sse, sse2, sse3, ssse3, sse4.1, sse4.2, popcnt, avx, avx2, aes, clmul, erms, 3dnowpref, lzcnt, ht, tsc, tscinvbit, bmi1, bmi2, adx

Memory: 4k page, physical 8265972k(319008k free), swap 33431796k(6024k free)

vm_info: OpenJDK 64-Bit Server VM (25.242-b01) for windows-amd64 JRE (1.8.0_242-release-1644-b01), built by "builder" with MS VC++ 10.0 (VS2010)

time: Tue Nov 17 06:55:09 2020
timezone: Hora oficial do Brasil
elapsed time: 0 seconds (0d 0h 0m 0s)

