#
# There is insufficient memory for the Java Runtime Environment to continue.
# Native memory allocation (malloc) failed to allocate 846736 bytes for Chunk::new
# Possible reasons:
#   The system is out of physical RAM or swap space
#   The process is running with CompressedOops enabled, and the Java Heap may be blocking the growth of the native heap
# Possible solutions:
#   Reduce memory load on the system
#   Increase physical memory or swap space
#   Check if swap backing store is full
#   Decrease Java heap size (-Xmx/-Xms)
#   Decrease number of Java threads
#   Decrease Java thread stack sizes (-Xss)
#   Set larger code cache with -XX:ReservedCodeCacheSize=
#   JVM is running with Unscaled Compressed Oops mode in which the Java heap is
#     placed in the first 4GB address space. The Java Heap base address is the
#     maximum limit for the native heap growth. Please use -XX:HeapBaseMinAddress
#     to set the Java Heap base and to place the Java Heap above 4GB virtual address.
# This output file may be truncated or incomplete.
#
#  Out of Memory Error (allocation.cpp:389), pid=57204, tid=0x000000000000ddf4
#
# JRE version: OpenJDK Runtime Environment (8.0_242-b01) (build 1.8.0_242-release-1644-b01)
# Java VM: OpenJDK 64-Bit Server VM (25.242-b01 mixed mode windows-amd64 compressed oops)
# Failed to write core dump. Minidumps are not enabled by default on client versions of Windows
#

---------------  T H R E A D  ---------------

Current thread (0x0000000019964000):  JavaThread "C2 CompilerThread0" daemon [_thread_in_native, id=56820, stack(0x000000001a240000,0x000000001a340000)]

Stack: [0x000000001a240000,0x000000001a340000]
[error occurred during error reporting (printing stack bounds), id 0xc0000005]

Native frames: (J=compiled Java code, j=interpreted, Vv=VM code, C=native code)


Current CompileTask:
C2:   2683  795       4       java.io.WinNTFileSystem::normalize (143 bytes)


---------------  P R O C E S S  ---------------

Java Threads: ( => current thread )
  0x000000001af17800 JavaThread "pool-1-thread-1" [_thread_blocked, id=44772, stack(0x000000001c010000,0x000000001c110000)]
  0x0000000019a08000 JavaThread "Service Thread" daemon [_thread_blocked, id=44052, stack(0x000000001a640000,0x000000001a740000)]
  0x0000000019995000 JavaThread "C1 CompilerThread3" daemon [_thread_blocked, id=45296, stack(0x000000001a540000,0x000000001a640000)]
  0x0000000019979800 JavaThread "C2 CompilerThread2" daemon [_thread_blocked, id=57252, stack(0x000000001a440000,0x000000001a540000)]
  0x0000000019968800 JavaThread "C2 CompilerThread1" daemon [_thread_blocked, id=51596, stack(0x000000001a340000,0x000000001a440000)]
=>0x0000000019964000 JavaThread "C2 CompilerThread0" daemon [_thread_in_native, id=56820, stack(0x000000001a240000,0x000000001a340000)]
  0x0000000019961800 JavaThread "Attach Listener" daemon [_thread_blocked, id=56700, stack(0x000000001a140000,0x000000001a240000)]
  0x0000000019960000 JavaThread "Signal Dispatcher" daemon [_thread_blocked, id=57072, stack(0x000000001a040000,0x000000001a140000)]
  0x0000000019950800 JavaThread "Finalizer" daemon [_thread_blocked, id=57040, stack(0x0000000019e30000,0x0000000019f30000)]
  0x0000000017b2b800 JavaThread "Reference Handler" daemon [_thread_blocked, id=57032, stack(0x0000000019d30000,0x0000000019e30000)]
  0x0000000002ab2800 JavaThread "main" [_thread_in_native, id=51252, stack(0x0000000002960000,0x0000000002a60000)]

Other Threads:
  0x0000000017b27000 VMThread [stack: 0x0000000019830000,0x0000000019930000] [id=42752]
  0x0000000019a0a000 WatcherThread [stack: 0x000000001a740000,0x000000001a840000] [id=50024]

VM state:not at safepoint (normal execution)

VM Mutex/Monitor currently owned by a thread: None

heap address: 0x0000000081c00000, size: 2020 MB, Compressed Oops mode: 32-bit
Narrow klass base: 0x0000000000000000, Narrow klass shift: 3
Compressed class space size: 1073741824 Address: 0x0000000100000000

Heap:
 PSYoungGen      total 38400K, used 14193K [0x00000000d5f00000, 0x00000000d8980000, 0x0000000100000000)
  eden space 33280K, 27% used [0x00000000d5f00000,0x00000000d67f4538,0x00000000d7f80000)
  from space 5120K, 98% used [0x00000000d7f80000,0x00000000d8468198,0x00000000d8480000)
  to   space 5120K, 0% used [0x00000000d8480000,0x00000000d8480000,0x00000000d8980000)
 ParOldGen       total 87552K, used 16K [0x0000000081c00000, 0x0000000087180000, 0x00000000d5f00000)
  object space 87552K, 0% used [0x0000000081c00000,0x0000000081c04000,0x0000000087180000)
 Metaspace       used 9974K, capacity 10250K, committed 10368K, reserved 1058816K
  class space    used 1302K, capacity 1393K, committed 1408K, reserved 1048576K

Card table byte_map: [0x0000000011f70000,0x0000000012370000] byte_map_base: 0x0000000011b62000

Marking Bits: (ParMarkBitMap*) 0x000000005186f030
 Begin Bits: [0x0000000012e20000, 0x0000000014db0000)
 End Bits:   [0x0000000014db0000, 0x0000000016d40000)

Polling page: 0x0000000001270000

CodeCache: size=245760Kb used=3168Kb max_used=3170Kb free=242591Kb
 bounds [0x0000000002bb0000, 0x0000000002ed0000, 0x0000000011bb0000]
 total_blobs=1188 nmethods=844 adapters=258
 compilation: enabled

Compilation events (10 events):
Event: 2.646 Thread 0x0000000019995000  843       3       org.gradle.internal.io.StreamByteBuffer::allocateSpace (74 bytes)
Event: 2.646 Thread 0x0000000019995000 nmethod 843 0x0000000002ecae10 code [0x0000000002ecafe0, 0x0000000002ecb708]
Event: 2.646 Thread 0x0000000019995000  840       1       org.gradle.internal.io.StreamByteBuffer::access$000 (5 bytes)
Event: 2.647 Thread 0x0000000019995000 nmethod 840 0x0000000002ec81d0 code [0x0000000002ec8320, 0x0000000002ec8410]
Event: 2.647 Thread 0x0000000019995000  841       3       org.gradle.internal.stream.EncodedStream::access$000 (4 bytes)
Event: 2.647 Thread 0x0000000019995000 nmethod 841 0x0000000002ec7ed0 code [0x0000000002ec8020, 0x0000000002ec8150]
Event: 2.647 Thread 0x0000000019995000  844       3       org.gradle.internal.io.StreamByteBuffer$StreamByteBufferChunk::spaceLeft (10 bytes)
Event: 2.647 Thread 0x0000000019995000 nmethod 844 0x0000000002ecaad0 code [0x0000000002ecac20, 0x0000000002ecad70]
Event: 2.667 Thread 0x0000000019995000  845       1       java.lang.ThreadLocal::getMap (5 bytes)
Event: 2.667 Thread 0x0000000019995000 nmethod 845 0x0000000002eca7d0 code [0x0000000002eca920, 0x0000000002ecaa30]

GC Heap History (2 events):
Event: 2.149 GC heap before
{Heap before GC invocations=1 (full 0):
 PSYoungGen      total 38400K, used 33280K [0x00000000d5f00000, 0x00000000d8980000, 0x0000000100000000)
  eden space 33280K, 100% used [0x00000000d5f00000,0x00000000d7f80000,0x00000000d7f80000)
  from space 5120K, 0% used [0x00000000d8480000,0x00000000d8480000,0x00000000d8980000)
  to   space 5120K, 0% used [0x00000000d7f80000,0x00000000d7f80000,0x00000000d8480000)
 ParOldGen       total 87552K, used 0K [0x0000000081c00000, 0x0000000087180000, 0x00000000d5f00000)
  object space 87552K, 0% used [0x0000000081c00000,0x0000000081c00000,0x0000000087180000)
 Metaspace       used 8923K, capacity 9226K, committed 9472K, reserved 1056768K
  class space    used 1170K, capacity 1265K, committed 1280K, reserved 1048576K
Event: 2.162 GC heap after
Heap after GC invocations=1 (full 0):
 PSYoungGen      total 38400K, used 5024K [0x00000000d5f00000, 0x00000000d8980000, 0x0000000100000000)
  eden space 33280K, 0% used [0x00000000d5f00000,0x00000000d5f00000,0x00000000d7f80000)
  from space 5120K, 98% used [0x00000000d7f80000,0x00000000d8468198,0x00000000d8480000)
  to   space 5120K, 0% used [0x00000000d8480000,0x00000000d8480000,0x00000000d8980000)
 ParOldGen       total 87552K, used 16K [0x0000000081c00000, 0x0000000087180000, 0x00000000d5f00000)
  object space 87552K, 0% used [0x0000000081c00000,0x0000000081c04000,0x0000000087180000)
 Metaspace       used 8923K, capacity 9226K, committed 9472K, reserved 1056768K
  class space    used 1170K, capacity 1265K, committed 1280K, reserved 1048576K
}

Deoptimization events (7 events):
Event: 1.628 Thread 0x0000000002ab2800 Uncommon trap: reason=unstable_if action=reinterpret pc=0x0000000002d4c080 method=java.util.regex.Matcher.reset()Ljava/util/regex/Matcher; @ 47
Event: 1.628 Thread 0x0000000002ab2800 Uncommon trap: reason=class_check action=maybe_recompile pc=0x0000000002d4fccc method=java.util.regex.Matcher.match(II)Z @ 86
Event: 1.628 Thread 0x0000000002ab2800 Uncommon trap: reason=class_check action=maybe_recompile pc=0x0000000002d4fccc method=java.util.regex.Matcher.match(II)Z @ 86
Event: 1.628 Thread 0x0000000002ab2800 Uncommon trap: reason=class_check action=maybe_recompile pc=0x0000000002d4fccc method=java.util.regex.Matcher.match(II)Z @ 86
Event: 1.628 Thread 0x0000000002ab2800 Uncommon trap: reason=class_check action=maybe_recompile pc=0x0000000002d4fccc method=java.util.regex.Matcher.match(II)Z @ 86
Event: 2.147 Thread 0x0000000002ab2800 Uncommon trap: reason=unstable_if action=reinterpret pc=0x0000000002e2fd94 method=java.util.HashMap.getNode(ILjava/lang/Object;)Ljava/util/HashMap$Node; @ 129
Event: 2.147 Thread 0x0000000002ab2800 Uncommon trap: reason=bimorphic action=maybe_recompile pc=0x0000000002e1ab10 method=java.util.HashMap.putVal(ILjava/lang/Object;Ljava/lang/Object;ZZ)Ljava/lang/Object; @ 203

Classes redefined (0 events):
No events

Internal exceptions (10 events):
Event: 1.907 Thread 0x0000000002ab2800 Exception <a 'java/lang/ArrayIndexOutOfBoundsException'> (0x00000000d76f10e0) thrown at [C:\src\AOSP-openjdk-git\hotspot\src\share\vm\runtime\sharedRuntime.cpp, line 605]
Event: 2.013 Thread 0x0000000002ab2800 Exception <a 'java/lang/ArrayIndexOutOfBoundsException'> (0x00000000d7a884e8) thrown at [C:\src\AOSP-openjdk-git\hotspot\src\share\vm\runtime\sharedRuntime.cpp, line 605]
Event: 2.014 Thread 0x0000000002ab2800 Exception <a 'java/lang/ArrayIndexOutOfBoundsException'> (0x00000000d7a8c848) thrown at [C:\src\AOSP-openjdk-git\hotspot\src\share\vm\runtime\sharedRuntime.cpp, line 605]
Event: 2.042 Thread 0x0000000002ab2800 Exception <a 'java/lang/ArrayIndexOutOfBoundsException'> (0x00000000d7af05c8) thrown at [C:\src\AOSP-openjdk-git\hotspot\src\share\vm\runtime\sharedRuntime.cpp, line 605]
Event: 2.042 Thread 0x0000000002ab2800 Exception <a 'java/lang/ArrayIndexOutOfBoundsException'> (0x00000000d7af1eb0) thrown at [C:\src\AOSP-openjdk-git\hotspot\src\share\vm\runtime\sharedRuntime.cpp, line 605]
Event: 2.043 Thread 0x0000000002ab2800 Exception <a 'java/lang/ArrayIndexOutOfBoundsException'> (0x00000000d7af2f88) thrown at [C:\src\AOSP-openjdk-git\hotspot\src\share\vm\runtime\sharedRuntime.cpp, line 605]
Event: 2.043 Thread 0x0000000002ab2800 Exception <a 'java/lang/ArrayIndexOutOfBoundsException'> (0x00000000d7af5558) thrown at [C:\src\AOSP-openjdk-git\hotspot\src\share\vm\runtime\sharedRuntime.cpp, line 605]
Event: 2.044 Thread 0x0000000002ab2800 Exception <a 'java/lang/ArrayIndexOutOfBoundsException'> (0x00000000d7af70d8) thrown at [C:\src\AOSP-openjdk-git\hotspot\src\share\vm\runtime\sharedRuntime.cpp, line 605]
Event: 2.090 Thread 0x0000000002ab2800 Exception <a 'java/lang/NoSuchFieldError': method resolution failed> (0x00000000d7cc2740) thrown at [C:\src\AOSP-openjdk-git\hotspot\src\share\vm\prims\methodHandles.cpp, line 1167]
Event: 2.091 Thread 0x0000000002ab2800 Exception <a 'java/lang/NoSuchFieldError': method resolution failed> (0x00000000d7cd0200) thrown at [C:\src\AOSP-openjdk-git\hotspot\src\share\vm\prims\methodHandles.cpp, line 1167]

Events (10 events):
Event: 2.675 loading class org/gradle/process/internal/ProcessSettings
Event: 2.675 loading class org/gradle/process/internal/ProcessSettings done
Event: 2.676 loading class org/gradle/process/ExecResult
Event: 2.676 loading class org/gradle/process/ExecResult done
Event: 2.676 loading class com/google/common/collect/Maps
Event: 2.676 loading class com/google/common/collect/Maps done
Event: 2.678 loading class com/google/common/collect/MapDifference
Event: 2.678 loading class com/google/common/collect/MapDifference done
Event: 2.680 loading class com/google/common/collect/SortedMapDifference
Event: 2.680 loading class com/google/common/collect/SortedMapDifference done


Dynamic libraries:
0x00007ff685460000 - 0x00007ff685491000 	C:\Program Files\Android\Android Studio\jre\bin\java.exe
0x00007fffba030000 - 0x00007fffba226000 	C:\WINDOWS\SYSTEM32\ntdll.dll
0x00007fffb9d00000 - 0x00007fffb9dbd000 	C:\WINDOWS\System32\KERNEL32.DLL
0x00007fffb7850000 - 0x00007fffb7b18000 	C:\WINDOWS\System32\KERNELBASE.dll
0x00007fffb9a60000 - 0x00007fffb9b0c000 	C:\WINDOWS\System32\ADVAPI32.dll
0x00007fffb96a0000 - 0x00007fffb973e000 	C:\WINDOWS\System32\msvcrt.dll
0x00007fffb83b0000 - 0x00007fffb844b000 	C:\WINDOWS\System32\sechost.dll
0x00007fffb9de0000 - 0x00007fffb9f04000 	C:\WINDOWS\System32\RPCRT4.dll
0x00007fffb98c0000 - 0x00007fffb9a60000 	C:\WINDOWS\System32\USER32.dll
0x00007fffb7bd0000 - 0x00007fffb7bf2000 	C:\WINDOWS\System32\win32u.dll
0x00007fffb8090000 - 0x00007fffb80ba000 	C:\WINDOWS\System32\GDI32.dll
0x00007fffb7d90000 - 0x00007fffb7e99000 	C:\WINDOWS\System32\gdi32full.dll
0x00007fffb7ea0000 - 0x00007fffb7f3d000 	C:\WINDOWS\System32\msvcp_win.dll
0x00007fffb7f40000 - 0x00007fffb8040000 	C:\WINDOWS\System32\ucrtbase.dll
0x00007fffa0ac0000 - 0x00007fffa0d5b000 	C:\WINDOWS\WinSxS\amd64_microsoft.windows.common-controls_6595b64144ccf1df_6.0.19041.488_none_ca04af081b815d21\COMCTL32.dll
0x00007fffb8d00000 - 0x00007fffb8d30000 	C:\WINDOWS\System32\IMM32.DLL
0x00000000518f0000 - 0x00000000519c2000 	C:\Program Files\Android\Android Studio\jre\jre\bin\msvcr100.dll
0x00000000510a0000 - 0x00000000518eb000 	C:\Program Files\Android\Android Studio\jre\jre\bin\server\jvm.dll
0x00007fffb84c0000 - 0x00007fffb84c8000 	C:\WINDOWS\System32\PSAPI.DLL
0x00007fffae670000 - 0x00007fffae67a000 	C:\WINDOWS\SYSTEM32\VERSION.dll
0x00007fffadbb0000 - 0x00007fffadbd7000 	C:\WINDOWS\SYSTEM32\WINMM.dll
0x00007fffa9f30000 - 0x00007fffa9f39000 	C:\WINDOWS\SYSTEM32\WSOCK32.dll
0x00007fffb8450000 - 0x00007fffb84bb000 	C:\WINDOWS\System32\WS2_32.dll
0x00007fffb1e80000 - 0x00007fffb1e8f000 	C:\Program Files\Android\Android Studio\jre\jre\bin\verify.dll
0x00007fffb1570000 - 0x00007fffb1599000 	C:\Program Files\Android\Android Studio\jre\jre\bin\java.dll
0x00007fffb0e60000 - 0x00007fffb0e76000 	C:\Program Files\Android\Android Studio\jre\jre\bin\zip.dll
0x00007fffb8e00000 - 0x00007fffb9541000 	C:\WINDOWS\System32\SHELL32.dll
0x00007fffb5560000 - 0x00007fffb5cf5000 	C:\WINDOWS\SYSTEM32\windows.storage.dll
0x00007fffb84d0000 - 0x00007fffb8825000 	C:\WINDOWS\System32\combase.dll
0x00007fffb71e0000 - 0x00007fffb720c000 	C:\WINDOWS\SYSTEM32\Wldp.dll
0x00007fffb9560000 - 0x00007fffb960e000 	C:\WINDOWS\System32\SHCORE.dll
0x00007fffb8350000 - 0x00007fffb83a5000 	C:\WINDOWS\System32\shlwapi.dll
0x00007fffb76a0000 - 0x00007fffb76c6000 	C:\WINDOWS\SYSTEM32\profapi.dll
0x00007fffb0580000 - 0x00007fffb059a000 	C:\Program Files\Android\Android Studio\jre\jre\bin\net.dll
0x00007fffb6f60000 - 0x00007fffb6fca000 	C:\WINDOWS\system32\mswsock.dll
0x00007fffb0560000 - 0x00007fffb0573000 	C:\Program Files\Android\Android Studio\jre\jre\bin\nio.dll
0x00007fffb0530000 - 0x00007fffb0556000 	C:\Users\Raphael\.gradle\native\30\windows-amd64\native-platform.dll
0x00007fffb1e70000 - 0x00007fffb1e7d000 	C:\Program Files\Android\Android Studio\jre\jre\bin\management.dll
0x00007fffb7130000 - 0x00007fffb7148000 	C:\WINDOWS\SYSTEM32\CRYPTSP.dll
0x00007fffb6880000 - 0x00007fffb68b4000 	C:\WINDOWS\system32\rsaenh.dll
0x00007fffb7d60000 - 0x00007fffb7d87000 	C:\WINDOWS\System32\bcrypt.dll
0x00007fffb7660000 - 0x00007fffb768e000 	C:\WINDOWS\SYSTEM32\USERENV.dll
0x00007fffb77d0000 - 0x00007fffb784f000 	C:\WINDOWS\System32\bcryptprimitives.dll
0x00007fffb7150000 - 0x00007fffb715c000 	C:\WINDOWS\SYSTEM32\CRYPTBASE.dll
0x00007fffb6c00000 - 0x00007fffb6c3b000 	C:\WINDOWS\SYSTEM32\IPHLPAPI.DLL
0x00007fffb9b10000 - 0x00007fffb9b18000 	C:\WINDOWS\System32\NSI.dll
0x00007fffaf110000 - 0x00007fffaf127000 	C:\WINDOWS\SYSTEM32\dhcpcsvc6.DLL
0x00007fffafc90000 - 0x00007fffafcad000 	C:\WINDOWS\SYSTEM32\dhcpcsvc.DLL
0x00007fffb6c40000 - 0x00007fffb6d0b000 	C:\WINDOWS\SYSTEM32\DNSAPI.dll

VM Arguments:
jvm_args: -Dorg.gradle.appname=gradlew 
java_command: org.gradle.wrapper.GradleWrapperMain -q -Ptarget-platform=android-x86 -Ptarget=C:\Users\Raphael\Desktop\Estudos Raphael\Flutter\Projetos\cep_test\lib\main.dart -Ptrack-widget-creation=true -Pfilesystem-scheme=org-dartlang-root -Pdart-defines=flutter.inspector.structuredErrors%3Dtrue assembleDebug
java_class_path (initial): C:\Users\Raphael\Desktop\Estudos Raphael\Flutter\Projetos\cep_test\android\\gradle\wrapper\gradle-wrapper.jar
Launcher Type: SUN_STANDARD

Environment Variables:
JAVA_HOME=C:\Program Files\Android\Android Studio\jre
CLASSPATH=C:\Users\Raphael\Desktop\Estudos Raphael\Flutter\Projetos\cep_test\android\\gradle\wrapper\gradle-wrapper.jar
PATH=C:\Users\Raphael\AppData\Local\Android\Sdk\platform-tools;C:\Program Files (x86)\Common Files\Oracle\Java\javapath;C:\Windows\system32;C:\Windows;C:\Windows\System32\Wbem;C:\Windows\System32\WindowsPowerShell\v1.0\;C:\Windows\System32\OpenSSH\;C:\Program Files (x86)\NVIDIA Corporation\PhysX\Common;C:\Program Files\NVIDIA Corporation\NVIDIA NvDLISR;C:\Program Files (x86)\Java\jre1.8.0_251\bin;C:\Program Files\Git\cmd;C:\src\flutter\bin;C:\Program Files\Java\jdk-11\bin;C:\Program Files\nodejs\;C:\WINDOWS\system32;C:\WINDOWS;C:\WINDOWS\System32\Wbem;C:\WINDOWS\System32\WindowsPowerShell\v1.0\;C:\WINDOWS\System32\OpenSSH\;C:\Program Files\Java\jdk-11.0.7\bin;C:\Users\Raphael\AppData\Local\Programs\Microsoft VS Code\bin;C:\Users\Raphael\AppData\Roaming\npm;C:\Users\Raphael\AppData\Local\Microsoft\WindowsApps;C:\Program Files\Java\jdk-11.0.7\bin;C:\Users\Raphael\AppData\Local\Programs\Microsoft VS Code\bin;C:\Users\Raphael\AppData\Roaming\npm;C:\Users\Raphael\AppData\Local\Microsoft\WindowsApps;C:\src\flutter\bin;
USERNAME=Raphael
OS=Windows_NT
PROCESSOR_IDENTIFIER=Intel64 Family 6 Model 142 Stepping 12, GenuineIntel



---------------  S Y S T E M  ---------------

OS: Windows 10.0 , 64 bit Build 19041 (10.0.19041.546)

CPU:total 8 (initial active 8) (4 cores per cpu, 2 threads per core) family 6 model 142 stepping 12, cmov, cx8, fxsr, mmx, sse, sse2, sse3, ssse3, sse4.1, sse4.2, popcnt, avx, avx2, aes, clmul, erms, 3dnowpref, lzcnt, ht, tsc, tscinvbit, bmi1, bmi2, adx

Memory: 4k page, physical 8265972k(259720k free), swap 33431796k(4124k free)

vm_info: OpenJDK 64-Bit Server VM (25.242-b01) for windows-amd64 JRE (1.8.0_242-release-1644-b01), built by "builder" with MS VC++ 10.0 (VS2010)

time: Tue Nov 17 06:54:02 2020
timezone: Hora oficial do Brasil
elapsed time: 2 seconds (0d 0h 0m 2s)

